<?xml version="1.0" encoding="UTF-8"?>
<!-- Generated by org.testng.reporters.JUnitReportReporter -->
<testsuite hostname="VADLH2XPSQ2" name="DataProviderExample.DataProviderExampleClass" tests="3" failures="0" timestamp="29 Mar 2020 05:43:36 GMT" time="0.008" errors="0">
  <testcase name="setData" time="0.006" classname="DataProviderExample.DataProviderExampleClass"/>
  <testcase name="setData" time="0.001" classname="DataProviderExample.DataProviderExampleClass"/>
  <testcase name="setData" time="0.001" classname="DataProviderExample.DataProviderExampleClass"/>
</testsuite> <!-- DataProviderExample.DataProviderExampleClass -->
