<?xml version="1.0" encoding="UTF-8"?>
<!-- Generated by org.testng.reporters.JUnitReportReporter -->
<testsuite hostname="DESKTOP-64TC86O" name="ExecuteWithPackage.DemoTwo" tests="2" failures="0" timestamp="12 Apr 2017 04:21:22 GMT" time="0.010" errors="0">
  <testcase name="firstTestCase" time="0.005" classname="ExecuteWithPackage.DemoTwo"/>
  <testcase name="secondTestCase" time="0.005" classname="ExecuteWithPackage.DemoTwo"/>
</testsuite> <!-- ExecuteWithPackage.DemoTwo -->
