<?xml version="1.0" encoding="UTF-8"?>
<!-- Generated by org.testng.reporters.JUnitReportReporter -->
<testsuite hostname="DESKTOP-1OKRSCD" name="TestNG_Excercises.TestNG_PriorityExample" tests="3" failures="0" timestamp="21 Nov 2017 04:32:54 GMT" time="0.015" errors="0">
  <testcase name="sendEmail" time="0.000" classname="TestNG_Excercises.TestNG_PriorityExample"/>
  <testcase name="login" time="0.015" classname="TestNG_Excercises.TestNG_PriorityExample"/>
  <testcase name="registerAccount" time="0.000" classname="TestNG_Excercises.TestNG_PriorityExample"/>
</testsuite> <!-- TestNG_Excercises.TestNG_PriorityExample -->
