<?xml version="1.0" encoding="UTF-8"?>
<!-- Generated by org.testng.reporters.JUnitReportReporter -->
<testsuite hostname="VADLH2XPSQ2" name="parameterization.TestParameters" tests="2" failures="0" timestamp="13 May 2020 05:01:56 GMT" time="0.036" errors="0">
  <testcase name="testCaseTwo" time="0.005" classname="parameterization.TestParameters"/>
  <testcase name="testCaseOne" time="0.031" classname="parameterization.TestParameters"/>
</testsuite> <!-- parameterization.TestParameters -->
