<?xml version="1.0" encoding="UTF-8"?>
<!-- Generated by org.testng.reporters.JUnitReportReporter -->
<testsuite hostname="DESKTOP-64TC86O" name="ExecuteWithPackage.DemoOne" tests="2" failures="0" timestamp="12 Apr 2017 04:21:22 GMT" time="0.025" errors="0">
  <testcase name="secondTestCase" time="0.004" classname="ExecuteWithPackage.DemoOne"/>
  <testcase name="firstTestCase" time="0.021" classname="ExecuteWithPackage.DemoOne"/>
</testsuite> <!-- ExecuteWithPackage.DemoOne -->
