<?xml version="1.0" encoding="UTF-8"?>
<!-- Generated by org.testng.reporters.JUnitReportReporter -->
<testsuite hostname="DESKTOP-1OKRSCD" name="ExecuteWithGroup.GroupExamples" tests="3" failures="0" timestamp="22 Nov 2017 03:57:16 GMT" time="0.032" errors="0">
  <testcase name="testCaseTwo" time="0.016" classname="ExecuteWithGroup.GroupExamples"/>
  <testcase name="testCaseFour" time="0.016" classname="ExecuteWithGroup.GroupExamples"/>
  <testcase name="testCaseOne" time="0.000" classname="ExecuteWithGroup.GroupExamples"/>
</testsuite> <!-- ExecuteWithGroup.GroupExamples -->
