<?xml version="1.0" encoding="UTF-8"?>
<!-- Generated by org.testng.reporters.JUnitReportReporter -->
<testsuite hostname="DESKTOP-1OKRSCD" name="TestNG_Excercises.DataProviderExample" tests="3" failures="0" timestamp="1 Apr 2018 05:37:09 GMT" time="0.012" errors="0">
  <testcase name="setData" time="0.001" classname="TestNG_Excercises.DataProviderExample"/>
  <testcase name="setData" time="0.010" classname="TestNG_Excercises.DataProviderExample"/>
  <testcase name="setData" time="0.001" classname="TestNG_Excercises.DataProviderExample"/>
</testsuite> <!-- TestNG_Excercises.DataProviderExample -->
